09-08-2020 14:22:06,840|INFO|Start|Starting adapter leclerc Infomil xml format V1.0 By MDZ on 2020-03 
09-08-2020 14:22:06,843|INFO|Start|Next execution date for Checking old files in Archives Folder : Wed Sep 09 00:00:00 CEST 2020
09-08-2020 14:22:06,871|INFO|ThreadCheckPriceFiles|Starting Thread ThreadCheckPriceFiles
09-08-2020 14:22:38,878|WARN|ThreadCheckPriceFiles$1|File is present in temporary Folder !! priority for that !!!!
09-08-2020 14:22:38,879|INFO|ThreadCheckPriceFiles$1|processing Temporary File : C:\Pricer\FTP\Temporary\ficWLST006_200901_2_05951.xml
09-08-2020 14:22:38,879|INFO|ThreadCheckPriceFiles|Processing data file : C:\Pricer\FTP\Temporary\ficWLST006_200901_2_05951.xml\ficWLST006_200901_2_05951.xml
09-08-2020 14:26:22,427|INFO|Start|Starting adapter leclerc Infomil xml format V1.0 By MDZ on 2020-03 
09-08-2020 14:26:22,430|INFO|Start|Next execution date for Checking old files in Archives Folder : Wed Sep 09 00:00:00 CEST 2020
09-08-2020 14:26:22,446|INFO|ThreadCheckPriceFiles|Starting Thread ThreadCheckPriceFiles
09-08-2020 14:26:22,453|WARN|ThreadCheckPriceFiles$1|File is present in temporary Folder !! priority for that !!!!
09-08-2020 14:26:22,453|INFO|ThreadCheckPriceFiles$1|processing Temporary File : C:\Pricer\FTP\Temporary\ficWLST006_200901_2_05951.xml
09-08-2020 14:26:22,453|INFO|ThreadCheckPriceFiles|Processing data file : C:\Pricer\FTP\Temporary\ficWLST006_200901_2_05951.xml\ficWLST006_200901_2_05951.xml
09-08-2020 14:29:37,218|INFO|Start|Starting adapter leclerc Infomil xml format V1.0 By MDZ on 2020-03 
09-08-2020 14:29:37,221|INFO|Start|Next execution date for Checking old files in Archives Folder : Wed Sep 09 00:00:00 CEST 2020
09-08-2020 14:29:37,241|INFO|ThreadCheckPriceFiles|Starting Thread ThreadCheckPriceFiles
09-08-2020 14:29:37,248|WARN|ThreadCheckPriceFiles$1|File is present in temporary Folder !! priority for that !!!!
09-08-2020 14:29:37,248|INFO|ThreadCheckPriceFiles$1|processing Temporary File : C:\Pricer\FTP\Temporary\ficWLST006_200901_2_05951.xml
09-08-2020 14:29:37,249|INFO|ThreadCheckPriceFiles|Processing data file : C:\Pricer\FTP\Temporary\ficWLST006_200901_2_05951.xml\ficWLST006_200901_2_05951.xml
09-08-2020 14:34:31,461|INFO|Start|Starting adapter leclerc Infomil xml format V1.0 By MDZ on 2020-03 
09-08-2020 14:34:31,464|INFO|Start|Next execution date for Checking old files in Archives Folder : Wed Sep 09 00:00:00 CEST 2020
09-08-2020 14:34:31,486|INFO|ThreadCheckPriceFiles|Starting Thread ThreadCheckPriceFiles
09-08-2020 14:34:31,495|WARN|ThreadCheckPriceFiles$1|File is present in temporary Folder !! priority for that !!!!
09-08-2020 14:34:31,495|INFO|ThreadCheckPriceFiles$1|processing Temporary File : C:\Pricer\FTP\Temporary\ficWLST006_200901_2_05951.xml
09-08-2020 14:34:31,496|INFO|ThreadCheckPriceFiles|Processing data file : C:\Pricer\FTP\Temporary\ficWLST006_200901_2_05951.xml\ficWLST006_200901_2_05951.xml
09-08-2020 14:34:50,197|INFO|Start|Starting adapter leclerc Infomil xml format V1.0 By MDZ on 2020-03 
09-08-2020 14:34:50,205|INFO|Start|Next execution date for Checking old files in Archives Folder : Wed Sep 09 00:00:00 CEST 2020
09-08-2020 14:34:50,230|INFO|ThreadCheckPriceFiles|Starting Thread ThreadCheckPriceFiles
09-08-2020 14:34:50,238|WARN|ThreadCheckPriceFiles$1|File is present in temporary Folder !! priority for that !!!!
09-08-2020 14:34:50,238|INFO|ThreadCheckPriceFiles$1|processing Temporary File : C:\Pricer\FTP\Temporary\ficWLST006_200901_2_05951.xml
09-08-2020 14:34:50,239|INFO|ThreadCheckPriceFiles|Processing data file : C:\Pricer\FTP\Temporary\ficWLST006_200901_2_05951.xml\ficWLST006_200901_2_05951.xml
09-08-2020 14:37:58,541|INFO|Start|Starting adapter leclerc Infomil xml format V1.0 By MDZ on 2020-03 
09-08-2020 14:37:58,549|INFO|Start|Next execution date for Checking old files in Archives Folder : Wed Sep 09 00:00:00 CEST 2020
09-08-2020 14:37:58,562|INFO|ThreadCheckPriceFiles|Starting Thread ThreadCheckPriceFiles
09-08-2020 14:37:58,573|WARN|ThreadCheckPriceFiles$1|File is present in temporary Folder !! priority for that !!!!
09-08-2020 14:37:58,574|INFO|ThreadCheckPriceFiles$1|processing Temporary File : C:\Pricer\FTP\Temporary\ficWLST006_200901_2_05951.xml
09-08-2020 14:37:58,574|INFO|ThreadCheckPriceFiles|Processing data file : C:\Pricer\FTP\Temporary\ficWLST006_200901_2_05951.xml\ficWLST006_200901_2_05951.xml
09-08-2020 14:39:41,331|INFO|Start|Starting adapter leclerc Infomil xml format V1.0 By MDZ on 2020-03 
09-08-2020 14:39:41,333|INFO|Start|Next execution date for Checking old files in Archives Folder : Wed Sep 09 00:00:00 CEST 2020
09-08-2020 14:39:41,348|INFO|ThreadCheckPriceFiles|Starting Thread ThreadCheckPriceFiles
09-08-2020 14:39:41,353|WARN|ThreadCheckPriceFiles$1|File is present in temporary Folder !! priority for that !!!!
09-08-2020 14:39:41,354|INFO|ThreadCheckPriceFiles$1|processing Temporary File : C:\Pricer\FTP\Temporary\ficWLST006_200901_2_05951.xml
09-08-2020 14:39:41,354|INFO|ThreadCheckPriceFiles|Processing data file : C:\Pricer\FTP\Temporary\ficWLST006_200901_2_05951.xml\ficWLST006_200901_2_05951.xml
09-08-2020 14:43:14,560|INFO|Start|Starting adapter leclerc Infomil xml format V1.0 By MDZ on 2020-03 
09-08-2020 14:43:14,562|INFO|Start|Next execution date for Checking old files in Archives Folder : Wed Sep 09 00:00:00 CEST 2020
09-08-2020 14:43:14,578|INFO|ThreadCheckPriceFiles|Starting Thread ThreadCheckPriceFiles
09-08-2020 14:43:14,584|WARN|ThreadCheckPriceFiles$1|File is present in temporary Folder !! priority for that !!!!
09-08-2020 14:43:14,584|INFO|ThreadCheckPriceFiles$1|processing Temporary File : C:\Pricer\FTP\Temporary\ficWLST006_200901_2_05951.xml
09-08-2020 14:43:14,584|INFO|ThreadCheckPriceFiles|Processing data file : C:\Pricer\FTP\Temporary\ficWLST006_200901_2_05951.xml\ficWLST006_200901_2_05951.xml
09-08-2020 14:43:16,932|INFO|ThreadCheckPriceFiles|nbre of products found  = 1072
09-08-2020 14:43:16,983|INFO|ThreadCheckPriceFiles|datafile (c:\pricer\PFIFiles\DataFiles\data_price_20200908_144314.i1) is written......
09-08-2020 14:43:16,985|INFO|FileUtility|deleting file : ficWLST006_200901_2_05951.xml
09-08-2020 14:43:16,986|INFO|FileUtility|File deletion result : true
09-08-2020 14:43:16,986|INFO|ThreadCheckPriceFiles|file deleted : C:\Pricer\FTP\Temporary\ficWLST006_200901_2_05951.xml
09-08-2020 15:16:44,879|INFO|Start|Starting adapter leclerc Infomil xml format V1.0 By MDZ on 2020-03 
09-08-2020 15:16:44,883|INFO|Start|Next execution date for Checking old files in Archives Folder : Wed Sep 09 00:00:00 CEST 2020
09-08-2020 15:16:44,901|INFO|ThreadCheckPriceFiles|Starting Thread ThreadCheckPriceFiles
09-08-2020 15:16:44,907|WARN|ThreadCheckPriceFiles$1|File is present in temporary Folder !! priority for that !!!!
09-08-2020 15:16:44,907|INFO|ThreadCheckPriceFiles$1|processing Temporary File : C:\Pricer\FTP\Temporary\ficWLST006_200901_2_05951.xml
09-08-2020 15:16:44,907|INFO|ThreadCheckPriceFiles|Processing data file : C:\Pricer\FTP\Temporary\ficWLST006_200901_2_05951.xml\ficWLST006_200901_2_05951.xml
09-08-2020 15:16:47,173|INFO|ThreadCheckPriceFiles|nbre of products found  = 1072
09-08-2020 15:16:47,256|INFO|ThreadCheckPriceFiles|datafile (c:\pricer\PFIFiles\DataFiles\data_price_20200908_151644.i1) is written......
09-08-2020 15:16:47,258|INFO|FileUtility|deleting file : ficWLST006_200901_2_05951.xml
09-08-2020 15:16:47,259|INFO|FileUtility|File deletion result : true
09-08-2020 15:16:47,259|INFO|ThreadCheckPriceFiles|file deleted : C:\Pricer\FTP\Temporary\ficWLST006_200901_2_05951.xml
09-08-2020 15:16:51,305|INFO|ThreadCheckPriceFiles$1|processing Temporary File : C:\Pricer\FTP\Temporary\ficWLST006_200901_2_05951.xml
09-08-2020 15:16:51,305|INFO|ThreadCheckPriceFiles|Processing data file : C:\Pricer\FTP\Temporary\ficWLST006_200901_2_05951.xml\ficWLST006_200901_2_05951.xml
09-08-2020 15:16:53,417|INFO|ThreadCheckPriceFiles|nbre of products found  = 1072
09-08-2020 15:16:53,499|INFO|ThreadCheckPriceFiles|datafile (c:\pricer\PFIFiles\DataFiles\data_price_20200908_151651.i1) is written......
09-08-2020 15:16:53,501|INFO|FileUtility|deleting file : ficWLST006_200901_2_05951.xml
09-08-2020 15:16:53,502|INFO|FileUtility|File deletion result : true
09-08-2020 15:16:53,502|INFO|ThreadCheckPriceFiles|file deleted : C:\Pricer\FTP\Temporary\ficWLST006_200901_2_05951.xml
09-08-2020 15:23:53,915|INFO|Start|Starting adapter leclerc Infomil xml format V1.0 By MDZ on 2020-03 
09-08-2020 15:23:53,918|INFO|Start|Next execution date for Checking old files in Archives Folder : Wed Sep 09 00:00:00 CEST 2020
09-08-2020 15:23:53,935|INFO|ThreadCheckPriceFiles|Starting Thread ThreadCheckPriceFiles
09-08-2020 15:23:53,942|WARN|ThreadCheckPriceFiles$1|File is present in temporary Folder !! priority for that !!!!
09-08-2020 15:23:53,942|INFO|ThreadCheckPriceFiles$1|processing Temporary File : C:\Pricer\FTP\Temporary\ficWLST006_200901_2_05951.xml
09-08-2020 15:23:53,942|INFO|ThreadCheckPriceFiles|Processing data file : C:\Pricer\FTP\Temporary\ficWLST006_200901_2_05951.xml\ficWLST006_200901_2_05951.xml
09-08-2020 15:23:56,231|INFO|ThreadCheckPriceFiles|nbre of products found  = 1072
09-08-2020 15:23:56,350|INFO|ThreadCheckPriceFiles|datafile (c:\pricer\PFIFiles\DataFiles\data_price_20200908_152353.i1) is written......
09-08-2020 15:23:56,352|INFO|FileUtility|deleting file : ficWLST006_200901_2_05951.xml
09-08-2020 15:23:56,353|INFO|FileUtility|File deletion result : true
09-08-2020 15:23:56,353|INFO|ThreadCheckPriceFiles|file deleted : C:\Pricer\FTP\Temporary\ficWLST006_200901_2_05951.xml
